Using pre-set license
Built from '2020.3/staging' branch; Version is '2020.3.0f1 (c7b5465681fb) revision 13088070'; Using compiler version '192528614'; Build Type 'Release'
OS: 'Windows 10 Home; OS build 19042.1288; Version 2009; 64bit' Language: 'en' Physical Memory: 16023 MB
BatchMode: 1, IsHumanControllingUs: 0, StartBugReporterOnCrash: 0, Is64bit: 1, IsPro: 0

 COMMAND LINE ARGUMENTS:
C:\Program Files\Unity\Hub\Editor\2020.3.0f1\Editor\Unity.exe
-adb2
-batchMode
-noUpm
-name
AssetImportWorker0
-projectPath
C:/Users/testi/Documents/GitHub/2d-beginner/Ruby's Adventure I Think
-logFile
Logs/AssetImportWorker0.log
-srvPort
56516
Successfully changed project path to: C:/Users/testi/Documents/GitHub/2d-beginner/Ruby's Adventure I Think
C:/Users/testi/Documents/GitHub/2d-beginner/Ruby's Adventure I Think
Using Asset Import Pipeline V2.
Refreshing native plugins compatible for Editor in 41.19 ms, found 1 plugins.
Preloading 0 native plugins for Editor in 0.00 ms.
Initialize engine version: 2020.3.0f1 (c7b5465681fb)
[Subsystems] Discovering subsystems at path C:/Program Files/Unity/Hub/Editor/2020.3.0f1/Editor/Data/Resources/UnitySubsystems
[Subsystems] Discovering subsystems at path C:/Users/testi/Documents/GitHub/2d-beginner/Ruby's Adventure I Think/Assets
GfxDevice: creating device client; threaded=0
Direct3D:
    Version:  Direct3D 11.0 [level 11.1]
    Renderer: Intel(R) Iris(R) Xe Graphics (ID=0x9a49)
    Vendor:   
    VRAM:     8011 MB
    Driver:   27.20.100.9749
Initialize mono
Mono path[0] = 'C:/Program Files/Unity/Hub/Editor/2020.3.0f1/Editor/Data/Managed'
Mono path[1] = 'C:/Program Files/Unity/Hub/Editor/2020.3.0f1/Editor/Data/MonoBleedingEdge/lib/mono/unityjit'
Mono config path = 'C:/Program Files/Unity/Hub/Editor/2020.3.0f1/Editor/Data/MonoBleedingEdge/etc'
Using monoOptions --debugger-agent=transport=dt_socket,embedding=1,server=y,suspend=n,address=127.0.0.1:56796
Begin MonoManager ReloadAssembly
Registering precompiled unity dll's ...
Register platform support module: C:/Program Files/Unity/Hub/Editor/2020.3.0f1/Editor/Data/PlaybackEngines/WindowsStandaloneSupport/UnityEditor.WindowsStandalone.Extensions.dll
Registered in 0.001576 seconds.
Native extension for WindowsStandalone target not found
Refreshing native plugins compatible for Editor in 27.35 ms, found 1 plugins.
Preloading 0 native plugins for Editor in 0.00 ms.
Invoked RoslynAnalysisRunner static constructor.
RoslynAnalysisRunner will not be running.
RoslynAnalysisRunner has terminated.
Mono: successfully reloaded assembly
- Completed reload, in  0.862 seconds
Platform modules already initialized, skipping
Registering precompiled user dll's ...
Registered in 0.000780 seconds.
Begin MonoManager ReloadAssembly
Native extension for WindowsStandalone target not found
Refreshing native plugins compatible for Editor in 35.66 ms, found 1 plugins.
Preloading 0 native plugins for Editor in 0.00 ms.
Invoked RoslynAnalysisRunner static constructor.
RoslynAnalysisRunner will not be running.
RoslynAnalysisRunner has terminated.
Mono: successfully reloaded assembly
- Completed reload, in  0.737 seconds
Platform modules already initialized, skipping
========================================================================
Worker process is ready to serve import requests
Launched and connected shader compiler UnityShaderCompiler.exe after 0.03 seconds
Refreshing native plugins compatible for Editor in 0.31 ms, found 1 plugins.
Preloading 0 native plugins for Editor in 0.00 ms.
Unloading 1812 Unused Serialized files (Serialized files now loaded: 0)
System memory in use before: 103.6 MB.
System memory in use after: 103.6 MB.

Unloading 22 unused Assets to reduce memory usage. Loaded Objects now: 2277.
Total: 2.252800 ms (FindLiveObjects: 0.216900 ms CreateObjectMapping: 0.038400 ms MarkObjects: 1.885600 ms  DeleteObjects: 0.111000 ms)

========================================================================
Received Import Request.
  path: Assets/New Prefab.prefab
  artifactKey: Guid(e1ae8a9abe3c5cf4981f61058b8e8a8a) Importer(815301076,1909f56bfc062723c751e8b465ee728b)
Start importing Assets/New Prefab.prefab using Guid(e1ae8a9abe3c5cf4981f61058b8e8a8a) Importer(815301076,1909f56bfc062723c751e8b465ee728b)  -> (artifact id: '3be5fc9db3afcbbf786a85cb8b0dda93') in 0.081645 seconds
  Import took 0.084241 seconds .

========================================================================
Received Import Request.
  Time since last request: 19.250438 seconds.
  path: Assets/New Prefab.prefab
  artifactKey: Guid(e1ae8a9abe3c5cf4981f61058b8e8a8a) Importer(815301076,1909f56bfc062723c751e8b465ee728b)
Start importing Assets/New Prefab.prefab using Guid(e1ae8a9abe3c5cf4981f61058b8e8a8a) Importer(815301076,1909f56bfc062723c751e8b465ee728b)  -> (artifact id: '443c55a1e7a48dd6818488ed3d44d3c5') in 0.056826 seconds
  Import took 0.059715 seconds .

========================================================================
Received Import Request.
  Time since last request: 0.004655 seconds.
  path: Assets/New Prefab.prefab
  artifactKey: Guid(e1ae8a9abe3c5cf4981f61058b8e8a8a) Importer(815301076,1909f56bfc062723c751e8b465ee728b)
Start importing Assets/New Prefab.prefab using Guid(e1ae8a9abe3c5cf4981f61058b8e8a8a) Importer(815301076,1909f56bfc062723c751e8b465ee728b)  -> (artifact id: '443c55a1e7a48dd6818488ed3d44d3c5') in 0.012396 seconds
  Import took 0.016030 seconds .

========================================================================
Received Import Request.
  Time since last request: 12.991642 seconds.
  path: Assets/Robot Prefab.prefab
  artifactKey: Guid(e1ae8a9abe3c5cf4981f61058b8e8a8a) Importer(815301076,1909f56bfc062723c751e8b465ee728b)
Start importing Assets/Robot Prefab.prefab using Guid(e1ae8a9abe3c5cf4981f61058b8e8a8a) Importer(815301076,1909f56bfc062723c751e8b465ee728b)  -> (artifact id: 'cffdcf48fc0750bd059df33ec35062cc') in 0.015164 seconds
  Import took 0.018332 seconds .

========================================================================
Received Import Request.
  Time since last request: 43.101215 seconds.
  path: Assets/New Prefab.prefab
  artifactKey: Guid(e1ae8a9abe3c5cf4981f61058b8e8a8a) Importer(815301076,1909f56bfc062723c751e8b465ee728b)
Start importing Assets/New Prefab.prefab using Guid(e1ae8a9abe3c5cf4981f61058b8e8a8a) Importer(815301076,1909f56bfc062723c751e8b465ee728b)  -> (artifact id: '52cceaeddd3c68c10a0a2d7fa652354e') in 0.010224 seconds
  Import took 0.013962 seconds .

========================================================================
Received Import Request.
  Time since last request: 17.768810 seconds.
  path: Assets/Robot Prefab.prefab
  artifactKey: Guid(e1ae8a9abe3c5cf4981f61058b8e8a8a) Importer(815301076,1909f56bfc062723c751e8b465ee728b)
Start importing Assets/Robot Prefab.prefab using Guid(e1ae8a9abe3c5cf4981f61058b8e8a8a) Importer(815301076,1909f56bfc062723c751e8b465ee728b)  -> (artifact id: 'ba9994b7973a9ef088fbf47bc722926e') in 0.009647 seconds
  Import took 0.013324 seconds .

========================================================================
Received Import Request.
  Time since last request: 61.616837 seconds.
  path: Assets/Art/Animations
  artifactKey: Guid(c2511782ee2ec2049bd34dd5311d72e0) Importer(815301076,1909f56bfc062723c751e8b465ee728b)
Start importing Assets/Art/Animations using Guid(c2511782ee2ec2049bd34dd5311d72e0) Importer(815301076,1909f56bfc062723c751e8b465ee728b)  -> (artifact id: '552b0d41bfdc14098d6498371bc74a10') in 0.008936 seconds
  Import took 0.012043 seconds .

========================================================================
Received Import Request.
  Time since last request: 1.943981 seconds.
  path: Assets/Art/Animations/Ruby.controller
  artifactKey: Guid(b77822e0485373d40b5beb92e9a5e728) Importer(815301076,1909f56bfc062723c751e8b465ee728b)
Start importing Assets/Art/Animations/Ruby.controller using Guid(b77822e0485373d40b5beb92e9a5e728) Importer(815301076,1909f56bfc062723c751e8b465ee728b)  -> (artifact id: '41216ba754ed4e087acf5daf0c627bc4') in 0.016514 seconds
  Import took 0.019244 seconds .

========================================================================
Received Import Request.
  Time since last request: 0.595069 seconds.
  path: Assets/Art/Animations/AnimationClips
  artifactKey: Guid(2dceb00d54b369d4889d2daf5a884a57) Importer(815301076,1909f56bfc062723c751e8b465ee728b)
Start importing Assets/Art/Animations/AnimationClips using Guid(2dceb00d54b369d4889d2daf5a884a57) Importer(815301076,1909f56bfc062723c751e8b465ee728b)  -> (artifact id: 'f962b1680d1a86475aa4953617bd6ede') in 0.011100 seconds
  Import took 0.014980 seconds .

========================================================================
Received Import Request.
  Time since last request: 0.988850 seconds.
  path: Assets/Art/Animations/AnimationClips/Player
  artifactKey: Guid(f3cc884ead1a9b844804335eddacc621) Importer(815301076,1909f56bfc062723c751e8b465ee728b)
Start importing Assets/Art/Animations/AnimationClips/Player using Guid(f3cc884ead1a9b844804335eddacc621) Importer(815301076,1909f56bfc062723c751e8b465ee728b)  -> (artifact id: '0bd1b65094661ada6d07050a25011c04') in 0.014420 seconds
  Import took 0.017202 seconds .

========================================================================
Received Import Request.
  Time since last request: 34.036733 seconds.
  path: Assets/Art/Animations/Robot.controller
  artifactKey: Guid(4ffbd739f5ee8464fab00ebd98be335a) Importer(815301076,1909f56bfc062723c751e8b465ee728b)
Start importing Assets/Art/Animations/Robot.controller using Guid(4ffbd739f5ee8464fab00ebd98be335a) Importer(815301076,1909f56bfc062723c751e8b465ee728b)  -> (artifact id: 'c9b5d12661ca918d1f3dbf7687d9f5c0') in 0.009138 seconds
  Import took 0.011791 seconds .

========================================================================
Received Import Request.
  Time since last request: 0.000456 seconds.
  path: Assets/Art/Animations/Robot.controller
  artifactKey: Guid(4ffbd739f5ee8464fab00ebd98be335a) Importer(815301076,1909f56bfc062723c751e8b465ee728b)
Start importing Assets/Art/Animations/Robot.controller using Guid(4ffbd739f5ee8464fab00ebd98be335a) Importer(815301076,1909f56bfc062723c751e8b465ee728b)  -> (artifact id: 'c9b5d12661ca918d1f3dbf7687d9f5c0') in 0.005038 seconds
  Import took 0.008079 seconds .

========================================================================
Received Import Request.
  Time since last request: 578.304552 seconds.
  path: Assets/Art/Animations/Robot.controller
  artifactKey: Guid(4ffbd739f5ee8464fab00ebd98be335a) Importer(815301076,1909f56bfc062723c751e8b465ee728b)
Start importing Assets/Art/Animations/Robot.controller using Guid(4ffbd739f5ee8464fab00ebd98be335a) Importer(815301076,1909f56bfc062723c751e8b465ee728b)  -> (artifact id: '928ab05215dd037e162d99dbcc608fc6') in 0.005843 seconds
  Import took 0.010221 seconds .

========================================================================
Received Import Request.
  Time since last request: 0.001166 seconds.
  path: Assets/Art/Animations/Robot.controller
  artifactKey: Guid(4ffbd739f5ee8464fab00ebd98be335a) Importer(815301076,1909f56bfc062723c751e8b465ee728b)
Start importing Assets/Art/Animations/Robot.controller using Guid(4ffbd739f5ee8464fab00ebd98be335a) Importer(815301076,1909f56bfc062723c751e8b465ee728b)  -> (artifact id: '928ab05215dd037e162d99dbcc608fc6') in 0.004585 seconds
  Import took 0.008455 seconds .

========================================================================
Received Import Request.
  Time since last request: 466.838022 seconds.
  path: Assets/Robot Prefab.prefab
  artifactKey: Guid(e1ae8a9abe3c5cf4981f61058b8e8a8a) Importer(815301076,1909f56bfc062723c751e8b465ee728b)
Start importing Assets/Robot Prefab.prefab using Guid(e1ae8a9abe3c5cf4981f61058b8e8a8a) Importer(815301076,1909f56bfc062723c751e8b465ee728b)  -> (artifact id: 'ebc81d23c2af7eabb8c62345b809fd5e') in 0.020096 seconds
  Import took 0.023482 seconds .

========================================================================
Received Import Request.
  Time since last request: 877.982864 seconds.
  path: Assets/Art/Animations/Right_Run.anim
  artifactKey: Guid(d50469d34c22d1b4b8602b6467ee1bf7) Importer(815301076,1909f56bfc062723c751e8b465ee728b)
Start importing Assets/Art/Animations/Right_Run.anim using Guid(d50469d34c22d1b4b8602b6467ee1bf7) Importer(815301076,1909f56bfc062723c751e8b465ee728b)  -> (artifact id: '5c5afa3941527febdff3540fd1408c01') in 0.011061 seconds
  Import took 0.015020 seconds .

========================================================================
Received Import Request.
  Time since last request: 7.340608 seconds.
  path: Assets/Art/Animations/RobotRight.anim
  artifactKey: Guid(d50469d34c22d1b4b8602b6467ee1bf7) Importer(815301076,1909f56bfc062723c751e8b465ee728b)
Start importing Assets/Art/Animations/RobotRight.anim using Guid(d50469d34c22d1b4b8602b6467ee1bf7) Importer(815301076,1909f56bfc062723c751e8b465ee728b)  -> (artifact id: '778a5761ea78ae3c094f86d93efdd223') in 0.009090 seconds
  Import took 0.011700 seconds .

========================================================================
Received Prepare
Registering precompiled user dll's ...
Registered in 0.001290 seconds.
Begin MonoManager ReloadAssembly
Native extension for WindowsStandalone target not found
Refreshing native plugins compatible for Editor in 0.45 ms, found 1 plugins.
Preloading 0 native plugins for Editor in 0.00 ms.
Invoked RoslynAnalysisRunner static constructor.
RoslynAnalysisRunner will not be running.
RoslynAnalysisRunner has terminated.
Mono: successfully reloaded assembly
- Completed reload, in  0.728 seconds
Platform modules already initialized, skipping
Refreshing native plugins compatible for Editor in 0.28 ms, found 1 plugins.
Preloading 0 native plugins for Editor in 0.00 ms.
Unloading 1806 Unused Serialized files (Serialized files now loaded: 0)
System memory in use before: 106.6 MB.
System memory in use after: 106.7 MB.

Unloading 11 unused Assets to reduce memory usage. Loaded Objects now: 2288.
Total: 1.735300 ms (FindLiveObjects: 0.148200 ms CreateObjectMapping: 0.029900 ms MarkObjects: 1.456700 ms  DeleteObjects: 0.099400 ms)

========================================================================
Received Import Request.
  Time since last request: 362.451173 seconds.
  path: Assets/Scripts/EnemyController.cs
  artifactKey: Guid(1e7b242e29754944f87ee73c85eed3bc) Importer(815301076,1909f56bfc062723c751e8b465ee728b)
Start importing Assets/Scripts/EnemyController.cs using Guid(1e7b242e29754944f87ee73c85eed3bc) Importer(815301076,1909f56bfc062723c751e8b465ee728b)  -> (artifact id: 'bd86d73b129095d38109cd75919703fb') in 0.025436 seconds
  Import took 0.029065 seconds .

========================================================================
Received Prepare
Registering precompiled user dll's ...
Registered in 0.000872 seconds.
Begin MonoManager ReloadAssembly
Native extension for WindowsStandalone target not found
Refreshing native plugins compatible for Editor in 0.30 ms, found 1 plugins.
Preloading 0 native plugins for Editor in 0.00 ms.
Invoked RoslynAnalysisRunner static constructor.
RoslynAnalysisRunner will not be running.
RoslynAnalysisRunner has terminated.
Mono: successfully reloaded assembly
- Completed reload, in  0.672 seconds
Platform modules already initialized, skipping
Refreshing native plugins compatible for Editor in 0.44 ms, found 1 plugins.
Preloading 0 native plugins for Editor in 0.00 ms.
Unloading 1806 Unused Serialized files (Serialized files now loaded: 0)
System memory in use before: 106.7 MB.
System memory in use after: 106.7 MB.

Unloading 11 unused Assets to reduce memory usage. Loaded Objects now: 2292.
Total: 1.663500 ms (FindLiveObjects: 0.137500 ms CreateObjectMapping: 0.031300 ms MarkObjects: 1.366700 ms  DeleteObjects: 0.126900 ms)

========================================================================
Received Prepare
Registering precompiled user dll's ...
Registered in 0.000891 seconds.
Begin MonoManager ReloadAssembly
Native extension for WindowsStandalone target not found
Refreshing native plugins compatible for Editor in 0.27 ms, found 1 plugins.
Preloading 0 native plugins for Editor in 0.00 ms.
Invoked RoslynAnalysisRunner static constructor.
RoslynAnalysisRunner will not be running.
RoslynAnalysisRunner has terminated.
Mono: successfully reloaded assembly
- Completed reload, in  0.661 seconds
Platform modules already initialized, skipping
Refreshing native plugins compatible for Editor in 0.31 ms, found 1 plugins.
Preloading 0 native plugins for Editor in 0.00 ms.
Unloading 1806 Unused Serialized files (Serialized files now loaded: 0)
System memory in use before: 106.7 MB.
System memory in use after: 106.7 MB.

Unloading 11 unused Assets to reduce memory usage. Loaded Objects now: 2296.
Total: 2.582700 ms (FindLiveObjects: 0.151900 ms CreateObjectMapping: 0.052200 ms MarkObjects: 2.281900 ms  DeleteObjects: 0.095500 ms)

========================================================================
Received Import Request.
  Time since last request: 268.896691 seconds.
  path: Assets/Robot Prefab.prefab
  artifactKey: Guid(e1ae8a9abe3c5cf4981f61058b8e8a8a) Importer(815301076,1909f56bfc062723c751e8b465ee728b)
Start importing Assets/Robot Prefab.prefab using Guid(e1ae8a9abe3c5cf4981f61058b8e8a8a) Importer(815301076,1909f56bfc062723c751e8b465ee728b)  -> (artifact id: '1955791cc6a2cf16d2eef238454cf749') in 0.061498 seconds
  Import took 0.065339 seconds .

========================================================================
Received Prepare
Registering precompiled user dll's ...
Registered in 0.000743 seconds.
Begin MonoManager ReloadAssembly
Native extension for WindowsStandalone target not found
Refreshing native plugins compatible for Editor in 0.42 ms, found 1 plugins.
Preloading 0 native plugins for Editor in 0.00 ms.
Invoked RoslynAnalysisRunner static constructor.
RoslynAnalysisRunner will not be running.
RoslynAnalysisRunner has terminated.
Mono: successfully reloaded assembly
- Completed reload, in  0.667 seconds
Platform modules already initialized, skipping
Refreshing native plugins compatible for Editor in 0.32 ms, found 1 plugins.
Preloading 0 native plugins for Editor in 0.00 ms.
Unloading 1806 Unused Serialized files (Serialized files now loaded: 0)
System memory in use before: 106.7 MB.
System memory in use after: 106.8 MB.

Unloading 11 unused Assets to reduce memory usage. Loaded Objects now: 2301.
Total: 1.885100 ms (FindLiveObjects: 0.176300 ms CreateObjectMapping: 0.033200 ms MarkObjects: 1.555100 ms  DeleteObjects: 0.104300 ms)

========================================================================
Received Prepare
Registering precompiled user dll's ...
Registered in 0.001773 seconds.
Begin MonoManager ReloadAssembly
Native extension for WindowsStandalone target not found
Refreshing native plugins compatible for Editor in 0.32 ms, found 1 plugins.
Preloading 0 native plugins for Editor in 0.00 ms.
Invoked RoslynAnalysisRunner static constructor.
RoslynAnalysisRunner will not be running.
RoslynAnalysisRunner has terminated.
Mono: successfully reloaded assembly
- Completed reload, in  0.714 seconds
Platform modules already initialized, skipping
Refreshing native plugins compatible for Editor in 0.30 ms, found 1 plugins.
Preloading 0 native plugins for Editor in 0.00 ms.
Unloading 1806 Unused Serialized files (Serialized files now loaded: 0)
System memory in use before: 106.8 MB.
System memory in use after: 106.8 MB.

Unloading 11 unused Assets to reduce memory usage. Loaded Objects now: 2305.
Total: 1.745800 ms (FindLiveObjects: 0.196700 ms CreateObjectMapping: 0.039300 ms MarkObjects: 1.424900 ms  DeleteObjects: 0.083800 ms)

========================================================================
Received Import Request.
  Time since last request: 330.954923 seconds.
  path: Assets/Robot Prefab.prefab
  artifactKey: Guid(e1ae8a9abe3c5cf4981f61058b8e8a8a) Importer(815301076,1909f56bfc062723c751e8b465ee728b)
Start importing Assets/Robot Prefab.prefab using Guid(e1ae8a9abe3c5cf4981f61058b8e8a8a) Importer(815301076,1909f56bfc062723c751e8b465ee728b)  -> (artifact id: '056364a17e80b7cce59500526d01e0ac') in 0.055061 seconds
  Import took 0.059540 seconds .

========================================================================
Received Prepare
Registering precompiled user dll's ...
Registered in 0.000875 seconds.
Begin MonoManager ReloadAssembly
Native extension for WindowsStandalone target not found
Refreshing native plugins compatible for Editor in 0.42 ms, found 1 plugins.
Preloading 0 native plugins for Editor in 0.00 ms.
Invoked RoslynAnalysisRunner static constructor.
RoslynAnalysisRunner will not be running.
RoslynAnalysisRunner has terminated.
Mono: successfully reloaded assembly
- Completed reload, in  0.672 seconds
Platform modules already initialized, skipping
Refreshing native plugins compatible for Editor in 0.32 ms, found 1 plugins.
Preloading 0 native plugins for Editor in 0.00 ms.
Unloading 1806 Unused Serialized files (Serialized files now loaded: 0)
System memory in use before: 106.8 MB.
System memory in use after: 106.8 MB.

Unloading 11 unused Assets to reduce memory usage. Loaded Objects now: 2310.
Total: 1.454400 ms (FindLiveObjects: 0.147500 ms CreateObjectMapping: 0.042700 ms MarkObjects: 1.175100 ms  DeleteObjects: 0.087900 ms)

========================================================================
Received Import Request.
  Time since last request: 12.361015 seconds.
  path: Assets/Robot Prefab.prefab
  artifactKey: Guid(e1ae8a9abe3c5cf4981f61058b8e8a8a) Importer(815301076,1909f56bfc062723c751e8b465ee728b)
Start importing Assets/Robot Prefab.prefab using Guid(e1ae8a9abe3c5cf4981f61058b8e8a8a) Importer(815301076,1909f56bfc062723c751e8b465ee728b)  -> (artifact id: 'f7986582b30f75ae48da7de4619f8ef5') in 0.048645 seconds
  Import took 0.052031 seconds .

========================================================================
Received Prepare
Registering precompiled user dll's ...
Registered in 0.000827 seconds.
Begin MonoManager ReloadAssembly
Native extension for WindowsStandalone target not found
Refreshing native plugins compatible for Editor in 0.28 ms, found 1 plugins.
Preloading 0 native plugins for Editor in 0.00 ms.
Invoked RoslynAnalysisRunner static constructor.
RoslynAnalysisRunner will not be running.
RoslynAnalysisRunner has terminated.
Mono: successfully reloaded assembly
- Completed reload, in  0.683 seconds
Platform modules already initialized, skipping
Refreshing native plugins compatible for Editor in 0.32 ms, found 1 plugins.
Preloading 0 native plugins for Editor in 0.00 ms.
Unloading 1806 Unused Serialized files (Serialized files now loaded: 0)
System memory in use before: 106.8 MB.
System memory in use after: 106.8 MB.

Unloading 11 unused Assets to reduce memory usage. Loaded Objects now: 2315.
Total: 1.784600 ms (FindLiveObjects: 0.180000 ms CreateObjectMapping: 0.032900 ms MarkObjects: 1.482200 ms  DeleteObjects: 0.088500 ms)

========================================================================
Received Prepare
Registering precompiled user dll's ...
Registered in 0.000782 seconds.
Begin MonoManager ReloadAssembly
Native extension for WindowsStandalone target not found
Refreshing native plugins compatible for Editor in 0.28 ms, found 1 plugins.
Preloading 0 native plugins for Editor in 0.00 ms.
Invoked RoslynAnalysisRunner static constructor.
RoslynAnalysisRunner will not be running.
RoslynAnalysisRunner has terminated.
Mono: successfully reloaded assembly
- Completed reload, in  0.638 seconds
Platform modules already initialized, skipping
Refreshing native plugins compatible for Editor in 0.32 ms, found 1 plugins.
Preloading 0 native plugins for Editor in 0.00 ms.
Unloading 1806 Unused Serialized files (Serialized files now loaded: 0)
System memory in use before: 106.8 MB.
System memory in use after: 106.8 MB.

Unloading 11 unused Assets to reduce memory usage. Loaded Objects now: 2319.
Total: 1.795700 ms (FindLiveObjects: 0.158600 ms CreateObjectMapping: 0.036600 ms MarkObjects: 1.480300 ms  DeleteObjects: 0.118900 ms)

========================================================================
Received Prepare
Registering precompiled user dll's ...
Registered in 0.001265 seconds.
Begin MonoManager ReloadAssembly
Native extension for WindowsStandalone target not found
Refreshing native plugins compatible for Editor in 0.28 ms, found 1 plugins.
Preloading 0 native plugins for Editor in 0.00 ms.
Invoked RoslynAnalysisRunner static constructor.
RoslynAnalysisRunner will not be running.
RoslynAnalysisRunner has terminated.
Mono: successfully reloaded assembly
- Completed reload, in  0.653 seconds
Platform modules already initialized, skipping
Refreshing native plugins compatible for Editor in 0.30 ms, found 1 plugins.
Preloading 0 native plugins for Editor in 0.00 ms.
Unloading 1806 Unused Serialized files (Serialized files now loaded: 0)
System memory in use before: 106.8 MB.
System memory in use after: 106.8 MB.

Unloading 11 unused Assets to reduce memory usage. Loaded Objects now: 2323.
Total: 2.456600 ms (FindLiveObjects: 0.233600 ms CreateObjectMapping: 0.076100 ms MarkObjects: 2.055500 ms  DeleteObjects: 0.090400 ms)

========================================================================
Received Prepare
Registering precompiled user dll's ...
Registered in 0.000790 seconds.
Begin MonoManager ReloadAssembly
Native extension for WindowsStandalone target not found
Refreshing native plugins compatible for Editor in 0.28 ms, found 1 plugins.
Preloading 0 native plugins for Editor in 0.00 ms.
Invoked RoslynAnalysisRunner static constructor.
RoslynAnalysisRunner will not be running.
RoslynAnalysisRunner has terminated.
Mono: successfully reloaded assembly
- Completed reload, in  0.662 seconds
Platform modules already initialized, skipping
Refreshing native plugins compatible for Editor in 0.33 ms, found 1 plugins.
Preloading 0 native plugins for Editor in 0.00 ms.
Unloading 1806 Unused Serialized files (Serialized files now loaded: 0)
System memory in use before: 106.8 MB.
System memory in use after: 106.8 MB.

Unloading 11 unused Assets to reduce memory usage. Loaded Objects now: 2327.
Total: 1.799400 ms (FindLiveObjects: 0.188200 ms CreateObjectMapping: 0.042400 ms MarkObjects: 1.463000 ms  DeleteObjects: 0.104800 ms)

========================================================================
Received Import Request.
  Time since last request: 456.077061 seconds.
  path: Assets/Art/Sprites/Characters/Ruby Prefab.prefab
  artifactKey: Guid(5272aa37b146fa44d8b32e96dd5ea7f6) Importer(815301076,1909f56bfc062723c751e8b465ee728b)
Start importing Assets/Art/Sprites/Characters/Ruby Prefab.prefab using Guid(5272aa37b146fa44d8b32e96dd5ea7f6) Importer(815301076,1909f56bfc062723c751e8b465ee728b)  -> (artifact id: '455ce73be25f822932e8e076c8a66e75') in 0.056429 seconds
  Import took 0.061330 seconds .

========================================================================
Received Import Request.
  Time since last request: 4.983231 seconds.
  path: Assets/Art/Sprites/Characters/Ruby Prefab.prefab
  artifactKey: Guid(5272aa37b146fa44d8b32e96dd5ea7f6) Importer(815301076,1909f56bfc062723c751e8b465ee728b)
Start importing Assets/Art/Sprites/Characters/Ruby Prefab.prefab using Guid(5272aa37b146fa44d8b32e96dd5ea7f6) Importer(815301076,1909f56bfc062723c751e8b465ee728b)  -> (artifact id: 'a4df7669fbe87b19745fc8f9f7116547') in 0.013380 seconds
  Import took 0.016983 seconds .

========================================================================
Received Import Request.
  Time since last request: 0.001367 seconds.
  path: Assets/Art/Sprites/Characters/Ruby Prefab.prefab
  artifactKey: Guid(5272aa37b146fa44d8b32e96dd5ea7f6) Importer(815301076,1909f56bfc062723c751e8b465ee728b)
Start importing Assets/Art/Sprites/Characters/Ruby Prefab.prefab using Guid(5272aa37b146fa44d8b32e96dd5ea7f6) Importer(815301076,1909f56bfc062723c751e8b465ee728b)  -> (artifact id: 'a4df7669fbe87b19745fc8f9f7116547') in 0.009314 seconds
  Import took 0.012136 seconds .

========================================================================
Received Import Request.
  Time since last request: 1.904411 seconds.
  path: Assets/Art/Sprites/Characters/Ruby Prefab.prefab
  artifactKey: Guid(5272aa37b146fa44d8b32e96dd5ea7f6) Importer(815301076,1909f56bfc062723c751e8b465ee728b)
Start importing Assets/Art/Sprites/Characters/Ruby Prefab.prefab using Guid(5272aa37b146fa44d8b32e96dd5ea7f6) Importer(815301076,1909f56bfc062723c751e8b465ee728b)  -> (artifact id: '42ebec078f3f38c89f3b527db61ffbeb') in 0.014312 seconds
  Import took 0.017996 seconds .

========================================================================
Received Import Request.
  Time since last request: 45.309075 seconds.
  path: Assets/Scripts/RubyController.cs
  artifactKey: Guid(edf80702563b5de45b9cb707fb7e3664) Importer(815301076,1909f56bfc062723c751e8b465ee728b)
Start importing Assets/Scripts/RubyController.cs using Guid(edf80702563b5de45b9cb707fb7e3664) Importer(815301076,1909f56bfc062723c751e8b465ee728b)  -> (artifact id: '7ff7a92f1f6bf6d5fad4d78df963b089') in 0.017341 seconds
  Import took 0.022502 seconds .

========================================================================
Received Import Request.
  Time since last request: 0.027289 seconds.
  path: Assets/Scripts/RubyController.cs
  artifactKey: Guid(edf80702563b5de45b9cb707fb7e3664) Importer(815301076,1909f56bfc062723c751e8b465ee728b)
Start importing Assets/Scripts/RubyController.cs using Guid(edf80702563b5de45b9cb707fb7e3664) Importer(815301076,1909f56bfc062723c751e8b465ee728b)  -> (artifact id: '7ff7a92f1f6bf6d5fad4d78df963b089') in 0.003075 seconds
  Import took 0.007984 seconds .

========================================================================
Received Prepare
Registering precompiled user dll's ...
Registered in 0.001112 seconds.
Begin MonoManager ReloadAssembly
Native extension for WindowsStandalone target not found
Refreshing native plugins compatible for Editor in 0.29 ms, found 1 plugins.
Preloading 0 native plugins for Editor in 0.00 ms.
Invoked RoslynAnalysisRunner static constructor.
RoslynAnalysisRunner will not be running.
RoslynAnalysisRunner has terminated.
Mono: successfully reloaded assembly
- Completed reload, in  0.670 seconds
Platform modules already initialized, skipping
Refreshing native plugins compatible for Editor in 0.33 ms, found 1 plugins.
Preloading 0 native plugins for Editor in 0.00 ms.
Unloading 1806 Unused Serialized files (Serialized files now loaded: 0)
System memory in use before: 106.8 MB.
System memory in use after: 106.9 MB.

Unloading 11 unused Assets to reduce memory usage. Loaded Objects now: 2332.
Total: 2.138000 ms (FindLiveObjects: 0.133300 ms CreateObjectMapping: 0.030300 ms MarkObjects: 1.823000 ms  DeleteObjects: 0.150400 ms)

========================================================================
Received Import Request.
  Time since last request: 187.232098 seconds.
  path: Assets/Scripts/RubyController.cs
  artifactKey: Guid(edf80702563b5de45b9cb707fb7e3664) Importer(815301076,1909f56bfc062723c751e8b465ee728b)
Start importing Assets/Scripts/RubyController.cs using Guid(edf80702563b5de45b9cb707fb7e3664) Importer(815301076,1909f56bfc062723c751e8b465ee728b)  -> (artifact id: 'ac18affd1d5ce93027edf74355e0dd06') in 0.006075 seconds
  Import took 0.008855 seconds .

========================================================================
Received Prepare
Registering precompiled user dll's ...
Registered in 0.001238 seconds.
Begin MonoManager ReloadAssembly
Native extension for WindowsStandalone target not found
Refreshing native plugins compatible for Editor in 0.49 ms, found 1 plugins.
Preloading 0 native plugins for Editor in 0.00 ms.
Invoked RoslynAnalysisRunner static constructor.
RoslynAnalysisRunner will not be running.
RoslynAnalysisRunner has terminated.
Mono: successfully reloaded assembly
- Completed reload, in  0.871 seconds
Platform modules already initialized, skipping
Refreshing native plugins compatible for Editor in 0.35 ms, found 1 plugins.
Preloading 0 native plugins for Editor in 0.00 ms.
Unloading 1806 Unused Serialized files (Serialized files now loaded: 0)
System memory in use before: 106.9 MB.
System memory in use after: 106.9 MB.

Unloading 11 unused Assets to reduce memory usage. Loaded Objects now: 2336.
Total: 3.237300 ms (FindLiveObjects: 0.382200 ms CreateObjectMapping: 0.100700 ms MarkObjects: 2.576500 ms  DeleteObjects: 0.176800 ms)

========================================================================
Received Import Request.
  Time since last request: 100.643876 seconds.
  path: Assets/Scripts/RubyController.cs
  artifactKey: Guid(edf80702563b5de45b9cb707fb7e3664) Importer(815301076,1909f56bfc062723c751e8b465ee728b)
Start importing Assets/Scripts/RubyController.cs using Guid(edf80702563b5de45b9cb707fb7e3664) Importer(815301076,1909f56bfc062723c751e8b465ee728b)  -> (artifact id: '0ef675ce8eb8b6b1d0a43c731c2ca36c') in 0.005019 seconds
  Import took 0.009095 seconds .

========================================================================
Received Prepare
Registering precompiled user dll's ...
Registered in 0.000813 seconds.
Begin MonoManager ReloadAssembly
Native extension for WindowsStandalone target not found
Refreshing native plugins compatible for Editor in 0.28 ms, found 1 plugins.
Preloading 0 native plugins for Editor in 0.00 ms.
Invoked RoslynAnalysisRunner static constructor.
RoslynAnalysisRunner will not be running.
RoslynAnalysisRunner has terminated.
Mono: successfully reloaded assembly
- Completed reload, in  0.666 seconds
Platform modules already initialized, skipping
Refreshing native plugins compatible for Editor in 0.46 ms, found 1 plugins.
Preloading 0 native plugins for Editor in 0.00 ms.
Unloading 1806 Unused Serialized files (Serialized files now loaded: 0)
System memory in use before: 106.9 MB.
System memory in use after: 106.9 MB.

Unloading 11 unused Assets to reduce memory usage. Loaded Objects now: 2340.
Total: 1.880900 ms (FindLiveObjects: 0.170100 ms CreateObjectMapping: 0.036200 ms MarkObjects: 1.501900 ms  DeleteObjects: 0.171500 ms)

========================================================================
Received Import Request.
  Time since last request: 123.663471 seconds.
  path: Assets/Scripts/RubyController.cs
  artifactKey: Guid(edf80702563b5de45b9cb707fb7e3664) Importer(815301076,1909f56bfc062723c751e8b465ee728b)
Start importing Assets/Scripts/RubyController.cs using Guid(edf80702563b5de45b9cb707fb7e3664) Importer(815301076,1909f56bfc062723c751e8b465ee728b)  -> (artifact id: '49115ceb30ada5beae46793076fb4b00') in 0.006206 seconds
  Import took 0.010293 seconds .

========================================================================
Received Prepare
Registering precompiled user dll's ...
Registered in 0.000858 seconds.
Begin MonoManager ReloadAssembly
Native extension for WindowsStandalone target not found
Refreshing native plugins compatible for Editor in 0.28 ms, found 1 plugins.
Preloading 0 native plugins for Editor in 0.00 ms.
Invoked RoslynAnalysisRunner static constructor.
RoslynAnalysisRunner will not be running.
RoslynAnalysisRunner has terminated.
Mono: successfully reloaded assembly
- Completed reload, in  0.646 seconds
Platform modules already initialized, skipping
Refreshing native plugins compatible for Editor in 0.32 ms, found 1 plugins.
Preloading 0 native plugins for Editor in 0.00 ms.
Unloading 1806 Unused Serialized files (Serialized files now loaded: 0)
System memory in use before: 106.9 MB.
System memory in use after: 106.9 MB.

Unloading 11 unused Assets to reduce memory usage. Loaded Objects now: 2344.
Total: 1.621500 ms (FindLiveObjects: 0.133900 ms CreateObjectMapping: 0.036300 ms MarkObjects: 1.357100 ms  DeleteObjects: 0.086100 ms)

========================================================================
Received Import Request.
  Time since last request: 49.808733 seconds.
  path: Assets/Art/Sprites/VFX/CogBullet.png
  artifactKey: Guid(c3bae526786f11046bdd2a781392a458) Importer(815301076,1909f56bfc062723c751e8b465ee728b)
Start importing Assets/Art/Sprites/VFX/CogBullet.png using Guid(c3bae526786f11046bdd2a781392a458) Importer(815301076,1909f56bfc062723c751e8b465ee728b)  -> (artifact id: '7a99dc88a84022298ef10f2392493b15') in 0.094625 seconds
  Import took 0.098844 seconds .

========================================================================
Received Import Request.
  Time since last request: 67.868140 seconds.
  path: Assets/Scripts/Projectile.cs
  artifactKey: Guid(30967cca501b9384ebb23bedd04ced43) Importer(815301076,1909f56bfc062723c751e8b465ee728b)
Start importing Assets/Scripts/Projectile.cs using Guid(30967cca501b9384ebb23bedd04ced43) Importer(815301076,1909f56bfc062723c751e8b465ee728b)  -> (artifact id: '760825fad0624cb6afb5a614ca1cb505') in 0.014229 seconds
  Import took 0.016690 seconds .

========================================================================
Received Import Request.
  Time since last request: 0.000924 seconds.
  path: Assets/Scripts/Projectile.cs
  artifactKey: Guid(30967cca501b9384ebb23bedd04ced43) Importer(815301076,1909f56bfc062723c751e8b465ee728b)
Start importing Assets/Scripts/Projectile.cs using Guid(30967cca501b9384ebb23bedd04ced43) Importer(815301076,1909f56bfc062723c751e8b465ee728b)  -> (artifact id: '760825fad0624cb6afb5a614ca1cb505') in 0.004081 seconds
  Import took 0.007138 seconds .

========================================================================
Received Prepare
Registering precompiled user dll's ...
Registered in 0.000876 seconds.
Begin MonoManager ReloadAssembly
Native extension for WindowsStandalone target not found
Refreshing native plugins compatible for Editor in 0.27 ms, found 1 plugins.
Preloading 0 native plugins for Editor in 0.00 ms.
Invoked RoslynAnalysisRunner static constructor.
RoslynAnalysisRunner will not be running.
RoslynAnalysisRunner has terminated.
Mono: successfully reloaded assembly
- Completed reload, in  0.646 seconds
Platform modules already initialized, skipping
Refreshing native plugins compatible for Editor in 0.33 ms, found 1 plugins.
Preloading 0 native plugins for Editor in 0.00 ms.
Unloading 1807 Unused Serialized files (Serialized files now loaded: 0)
System memory in use before: 106.9 MB.
System memory in use after: 107.0 MB.

Unloading 11 unused Assets to reduce memory usage. Loaded Objects now: 2353.
Total: 1.713100 ms (FindLiveObjects: 0.235700 ms CreateObjectMapping: 0.049700 ms MarkObjects: 1.337700 ms  DeleteObjects: 0.088700 ms)

========================================================================
Received Prepare
Registering precompiled user dll's ...
Registered in 0.001013 seconds.
Begin MonoManager ReloadAssembly
Native extension for WindowsStandalone target not found
Refreshing native plugins compatible for Editor in 0.31 ms, found 1 plugins.
Preloading 0 native plugins for Editor in 0.00 ms.
Invoked RoslynAnalysisRunner static constructor.
RoslynAnalysisRunner will not be running.
RoslynAnalysisRunner has terminated.
Mono: successfully reloaded assembly
- Completed reload, in  0.704 seconds
Platform modules already initialized, skipping
Refreshing native plugins compatible for Editor in 0.30 ms, found 1 plugins.
Preloading 0 native plugins for Editor in 0.00 ms.
Unloading 1807 Unused Serialized files (Serialized files now loaded: 0)
System memory in use before: 106.9 MB.
System memory in use after: 107.0 MB.

Unloading 11 unused Assets to reduce memory usage. Loaded Objects now: 2357.
Total: 1.861200 ms (FindLiveObjects: 0.222100 ms CreateObjectMapping: 0.038200 ms MarkObjects: 1.508400 ms  DeleteObjects: 0.090700 ms)

========================================================================
Received Import Request.
  Time since last request: 96.047029 seconds.
  path: Assets/Scripts/Projectile.cs
  artifactKey: Guid(30967cca501b9384ebb23bedd04ced43) Importer(815301076,1909f56bfc062723c751e8b465ee728b)
Start importing Assets/Scripts/Projectile.cs using Guid(30967cca501b9384ebb23bedd04ced43) Importer(815301076,1909f56bfc062723c751e8b465ee728b)  -> (artifact id: 'b923fb05d8d3c09b2ff55f397faeb961') in 0.005272 seconds
  Import took 0.007883 seconds .

========================================================================
Received Import Request.
  Time since last request: 17.852910 seconds.
  path: Assets
  artifactKey: Guid(00000000000000001000000000000000) Importer(815301076,1909f56bfc062723c751e8b465ee728b)
Start importing Assets using Guid(00000000000000001000000000000000) Importer(815301076,1909f56bfc062723c751e8b465ee728b)  -> (artifact id: '42baae205c97e3337697759514652acd') in 0.010302 seconds
  Import took 0.012892 seconds .

========================================================================
Received Import Request.
  Time since last request: 7.904574 seconds.
  path: Assets/Prefabs
  artifactKey: Guid(c15dd452cfb192b44a4232ac35331e37) Importer(815301076,1909f56bfc062723c751e8b465ee728b)
Start importing Assets/Prefabs using Guid(c15dd452cfb192b44a4232ac35331e37) Importer(815301076,1909f56bfc062723c751e8b465ee728b)  -> (artifact id: '4fa9169df2b0cdb91caab42b7be4cc02') in 0.010383 seconds
  Import took 0.014339 seconds .

========================================================================
Received Import Request.
  Time since last request: 16.119713 seconds.
  path: Assets/Prefabs/Box Prefab.prefab
  artifactKey: Guid(3d3379a1665c58340a03f344c89a6f11) Importer(815301076,1909f56bfc062723c751e8b465ee728b)
Start importing Assets/Prefabs/Box Prefab.prefab using Guid(3d3379a1665c58340a03f344c89a6f11) Importer(815301076,1909f56bfc062723c751e8b465ee728b)  -> (artifact id: '5b784a1aa00591f1f74128064cda656a') in 0.056770 seconds
  Import took 0.060176 seconds .

========================================================================
Received Import Request.
  Time since last request: 0.000268 seconds.
  path: Assets/Prefabs/FirstTile.prefab
  artifactKey: Guid(2487c1e9964ddef4bb6b58f6eb8e03a9) Importer(815301076,1909f56bfc062723c751e8b465ee728b)
Start importing Assets/Prefabs/FirstTile.prefab using Guid(2487c1e9964ddef4bb6b58f6eb8e03a9) Importer(815301076,1909f56bfc062723c751e8b465ee728b)  -> (artifact id: '6444fad679f10d1b8327f8a4c41a94ae') in 0.010030 seconds
  Import took 0.013366 seconds .

========================================================================
Received Import Request.
  Time since last request: 0.000241 seconds.
  path: Assets/Prefabs/Closed Sprite Shape.prefab
  artifactKey: Guid(524d04a8fda65b148a3c97f4eef4b500) Importer(815301076,1909f56bfc062723c751e8b465ee728b)
Start importing Assets/Prefabs/Closed Sprite Shape.prefab using Guid(524d04a8fda65b148a3c97f4eef4b500) Importer(815301076,1909f56bfc062723c751e8b465ee728b)  -> (artifact id: 'aa28319c48c4cd8e8e1de05177515626') in 0.016166 seconds
  Import took 0.019357 seconds .

========================================================================
Received Import Request.
  Time since last request: 0.000222 seconds.
  path: Assets/Prefabs/CollectableHealthPrefab.prefab
  artifactKey: Guid(b43004a300fd3eb48b0851c70614074d) Importer(815301076,1909f56bfc062723c751e8b465ee728b)
Start importing Assets/Prefabs/CollectableHealthPrefab.prefab using Guid(b43004a300fd3eb48b0851c70614074d) Importer(815301076,1909f56bfc062723c751e8b465ee728b)  -> (artifact id: 'cb157c71469dd525cd27f92e1a290f84') in 0.019737 seconds
  Import took 0.024642 seconds .

========================================================================
Received Import Request.
  Time since last request: 0.000183 seconds.
  path: Assets/Prefabs/Open Sprite Shape.prefab
  artifactKey: Guid(4b735e846c248e44ea1ab659db62e99c) Importer(815301076,1909f56bfc062723c751e8b465ee728b)
Start importing Assets/Prefabs/Open Sprite Shape.prefab using Guid(4b735e846c248e44ea1ab659db62e99c) Importer(815301076,1909f56bfc062723c751e8b465ee728b)  -> (artifact id: '20170d024e174a9857b9bc7a72b2cf17') in 0.013799 seconds
  Import took 0.018648 seconds .

========================================================================
Received Import Request.
  Time since last request: 155.933776 seconds.
  path: Assets/Prefabs/New Prefab.prefab
  artifactKey: Guid(f1192acc9c385374ba8d8c69d7335e26) Importer(815301076,1909f56bfc062723c751e8b465ee728b)
Start importing Assets/Prefabs/New Prefab.prefab using Guid(f1192acc9c385374ba8d8c69d7335e26) Importer(815301076,1909f56bfc062723c751e8b465ee728b)  -> (artifact id: 'dd05840da19eaaec2de3d55e037b236f') in 0.012543 seconds
  Import took 0.016185 seconds .

========================================================================
Received Import Request.
  Time since last request: 13.533709 seconds.
  path: Assets/Prefabs/Projectile Prefab.prefab
  artifactKey: Guid(f1192acc9c385374ba8d8c69d7335e26) Importer(815301076,1909f56bfc062723c751e8b465ee728b)
Start importing Assets/Prefabs/Projectile Prefab.prefab using Guid(f1192acc9c385374ba8d8c69d7335e26) Importer(815301076,1909f56bfc062723c751e8b465ee728b)  -> (artifact id: '08f7aabd865da76c9fd2c0f917162a15') in 0.010400 seconds
  Import took 0.014153 seconds .

========================================================================
Received Import Request.
  Time since last request: 11.625440 seconds.
  path: Assets/Prefabs/Projectile Prefab.prefab
  artifactKey: Guid(f1192acc9c385374ba8d8c69d7335e26) Importer(815301076,1909f56bfc062723c751e8b465ee728b)
Start importing Assets/Prefabs/Projectile Prefab.prefab using Guid(f1192acc9c385374ba8d8c69d7335e26) Importer(815301076,1909f56bfc062723c751e8b465ee728b)  -> (artifact id: '6170a1bccea3cc42ef308af542ea8b44') in 0.013758 seconds
  Import took 0.017089 seconds .

========================================================================
Received Import Request.
  Time since last request: 23.297099 seconds.
  path: Assets/Prefabs/Projectile Prefab.prefab
  artifactKey: Guid(f1192acc9c385374ba8d8c69d7335e26) Importer(815301076,1909f56bfc062723c751e8b465ee728b)
Start importing Assets/Prefabs/Projectile Prefab.prefab using Guid(f1192acc9c385374ba8d8c69d7335e26) Importer(815301076,1909f56bfc062723c751e8b465ee728b)  -> (artifact id: '271d516355267fe219797dd3fbc58357') in 0.010099 seconds
  Import took 0.012972 seconds .

========================================================================
Received Prepare
Registering precompiled user dll's ...
Registered in 0.000884 seconds.
Begin MonoManager ReloadAssembly
Native extension for WindowsStandalone target not found
Refreshing native plugins compatible for Editor in 0.34 ms, found 1 plugins.
Preloading 0 native plugins for Editor in 0.00 ms.
Invoked RoslynAnalysisRunner static constructor.
RoslynAnalysisRunner will not be running.
RoslynAnalysisRunner has terminated.
Mono: successfully reloaded assembly
- Completed reload, in  0.673 seconds
Platform modules already initialized, skipping
Refreshing native plugins compatible for Editor in 0.31 ms, found 1 plugins.
Preloading 0 native plugins for Editor in 0.00 ms.
Unloading 1807 Unused Serialized files (Serialized files now loaded: 0)
System memory in use before: 107.2 MB.
System memory in use after: 107.2 MB.

Unloading 11 unused Assets to reduce memory usage. Loaded Objects now: 2362.
Total: 2.089900 ms (FindLiveObjects: 0.175400 ms CreateObjectMapping: 0.036500 ms MarkObjects: 1.690300 ms  DeleteObjects: 0.186300 ms)

========================================================================
Received Prepare
Registering precompiled user dll's ...
Registered in 0.001333 seconds.
Begin MonoManager ReloadAssembly
Native extension for WindowsStandalone target not found
Refreshing native plugins compatible for Editor in 0.39 ms, found 1 plugins.
Preloading 0 native plugins for Editor in 0.00 ms.
Invoked RoslynAnalysisRunner static constructor.
RoslynAnalysisRunner will not be running.
RoslynAnalysisRunner has terminated.
Mono: successfully reloaded assembly
- Completed reload, in  0.633 seconds
Platform modules already initialized, skipping
Refreshing native plugins compatible for Editor in 0.39 ms, found 1 plugins.
Preloading 0 native plugins for Editor in 0.00 ms.
Unloading 1807 Unused Serialized files (Serialized files now loaded: 0)
System memory in use before: 107.2 MB.
System memory in use after: 107.2 MB.

Unloading 11 unused Assets to reduce memory usage. Loaded Objects now: 2366.
Total: 1.984600 ms (FindLiveObjects: 0.176100 ms CreateObjectMapping: 0.037900 ms MarkObjects: 1.672700 ms  DeleteObjects: 0.096800 ms)

========================================================================
Received Prepare
Registering precompiled user dll's ...
Registered in 0.001050 seconds.
Begin MonoManager ReloadAssembly
Native extension for WindowsStandalone target not found
Refreshing native plugins compatible for Editor in 0.44 ms, found 1 plugins.
Preloading 0 native plugins for Editor in 0.00 ms.
Invoked RoslynAnalysisRunner static constructor.
RoslynAnalysisRunner will not be running.
RoslynAnalysisRunner has terminated.
Mono: successfully reloaded assembly
- Completed reload, in  0.663 seconds
Platform modules already initialized, skipping
Refreshing native plugins compatible for Editor in 0.45 ms, found 1 plugins.
Preloading 0 native plugins for Editor in 0.00 ms.
Unloading 1807 Unused Serialized files (Serialized files now loaded: 0)
System memory in use before: 107.2 MB.
System memory in use after: 107.2 MB.

Unloading 11 unused Assets to reduce memory usage. Loaded Objects now: 2370.
Total: 2.821700 ms (FindLiveObjects: 0.139700 ms CreateObjectMapping: 0.030200 ms MarkObjects: 2.540100 ms  DeleteObjects: 0.110800 ms)

========================================================================
Received Prepare
Registering precompiled user dll's ...
Registered in 0.001069 seconds.
Begin MonoManager ReloadAssembly
Native extension for WindowsStandalone target not found
Refreshing native plugins compatible for Editor in 0.33 ms, found 1 plugins.
Preloading 0 native plugins for Editor in 0.00 ms.
Invoked RoslynAnalysisRunner static constructor.
RoslynAnalysisRunner will not be running.
RoslynAnalysisRunner has terminated.
Mono: successfully reloaded assembly
- Completed reload, in  0.653 seconds
Platform modules already initialized, skipping
Refreshing native plugins compatible for Editor in 0.32 ms, found 1 plugins.
Preloading 0 native plugins for Editor in 0.00 ms.
Unloading 1807 Unused Serialized files (Serialized files now loaded: 0)
System memory in use before: 107.2 MB.
System memory in use after: 107.2 MB.

Unloading 11 unused Assets to reduce memory usage. Loaded Objects now: 2374.
Total: 1.684100 ms (FindLiveObjects: 0.176700 ms CreateObjectMapping: 0.054900 ms MarkObjects: 1.359900 ms  DeleteObjects: 0.091800 ms)

========================================================================
Received Import Request.
  Time since last request: 396.851716 seconds.
  path: Assets/Prefabs/Ruby Prefab.prefab
  artifactKey: Guid(5272aa37b146fa44d8b32e96dd5ea7f6) Importer(815301076,1909f56bfc062723c751e8b465ee728b)
Start importing Assets/Prefabs/Ruby Prefab.prefab using Guid(5272aa37b146fa44d8b32e96dd5ea7f6) Importer(815301076,1909f56bfc062723c751e8b465ee728b)  -> (artifact id: '221ec6498f5980cb16cc5bd5446e7ed2') in 0.059695 seconds
  Import took 0.063567 seconds .

========================================================================
Received Prepare
Registering precompiled user dll's ...
Registered in 0.001182 seconds.
Begin MonoManager ReloadAssembly
Native extension for WindowsStandalone target not found
Refreshing native plugins compatible for Editor in 0.34 ms, found 1 plugins.
Preloading 0 native plugins for Editor in 0.00 ms.
Invoked RoslynAnalysisRunner static constructor.
RoslynAnalysisRunner will not be running.
RoslynAnalysisRunner has terminated.
Mono: successfully reloaded assembly
- Completed reload, in  0.833 seconds
Platform modules already initialized, skipping
Refreshing native plugins compatible for Editor in 0.47 ms, found 1 plugins.
Preloading 0 native plugins for Editor in 0.00 ms.
Unloading 1807 Unused Serialized files (Serialized files now loaded: 0)
System memory in use before: 107.2 MB.
System memory in use after: 107.2 MB.

Unloading 11 unused Assets to reduce memory usage. Loaded Objects now: 2379.
Total: 2.526000 ms (FindLiveObjects: 0.265000 ms CreateObjectMapping: 0.061900 ms MarkObjects: 2.077200 ms  DeleteObjects: 0.119200 ms)

========================================================================
Received Import Request.
  Time since last request: 224.622578 seconds.
  path: ProjectSettings/TagManager.asset
  artifactKey: Guid(00000000000000003000000000000000) Importer(815301076,1909f56bfc062723c751e8b465ee728b)
Start importing ProjectSettings/TagManager.asset using Guid(00000000000000003000000000000000) Importer(815301076,1909f56bfc062723c751e8b465ee728b)  -> (artifact id: '779d5949113fa91bb85f64f090860d93') in 0.017121 seconds
  Import took 0.021345 seconds .

========================================================================
Received Import Request.
  Time since last request: 0.001679 seconds.
  path: ProjectSettings/TagManager.asset
  artifactKey: Guid(00000000000000003000000000000000) Importer(815301076,1909f56bfc062723c751e8b465ee728b)
Start importing ProjectSettings/TagManager.asset using Guid(00000000000000003000000000000000) Importer(815301076,1909f56bfc062723c751e8b465ee728b)  -> (artifact id: '779d5949113fa91bb85f64f090860d93') in 0.003842 seconds
  Import took 0.007827 seconds .

========================================================================
Received Import Request.
  Time since last request: 60.379287 seconds.
  path: Assets/Prefabs/Ruby Prefab.prefab
  artifactKey: Guid(5272aa37b146fa44d8b32e96dd5ea7f6) Importer(815301076,1909f56bfc062723c751e8b465ee728b)
Start importing Assets/Prefabs/Ruby Prefab.prefab using Guid(5272aa37b146fa44d8b32e96dd5ea7f6) Importer(815301076,1909f56bfc062723c751e8b465ee728b)  -> (artifact id: '376aa31ce2f04a5bf383d50d04b0fb72') in 0.048931 seconds
  Import took 0.052642 seconds .

========================================================================
Received Import Request.
  Time since last request: 5.200726 seconds.
  path: Assets/Prefabs/Projectile Prefab.prefab
  artifactKey: Guid(f1192acc9c385374ba8d8c69d7335e26) Importer(815301076,1909f56bfc062723c751e8b465ee728b)
Start importing Assets/Prefabs/Projectile Prefab.prefab using Guid(f1192acc9c385374ba8d8c69d7335e26) Importer(815301076,1909f56bfc062723c751e8b465ee728b)  -> (artifact id: '84b841322b090f7f72d84fb824645ab9') in 0.011842 seconds
  Import took 0.015678 seconds .

========================================================================
Received Prepare
Registering precompiled user dll's ...
Registered in 0.000772 seconds.
Begin MonoManager ReloadAssembly
Native extension for WindowsStandalone target not found
Refreshing native plugins compatible for Editor in 0.28 ms, found 1 plugins.
Preloading 0 native plugins for Editor in 0.00 ms.
Invoked RoslynAnalysisRunner static constructor.
RoslynAnalysisRunner will not be running.
RoslynAnalysisRunner has terminated.
Mono: successfully reloaded assembly
- Completed reload, in  0.681 seconds
Platform modules already initialized, skipping
Refreshing native plugins compatible for Editor in 0.28 ms, found 1 plugins.
Preloading 0 native plugins for Editor in 0.00 ms.
Unloading 1807 Unused Serialized files (Serialized files now loaded: 0)
System memory in use before: 107.2 MB.
System memory in use after: 107.3 MB.

Unloading 13 unused Assets to reduce memory usage. Loaded Objects now: 2384.
Total: 1.826100 ms (FindLiveObjects: 0.262700 ms CreateObjectMapping: 0.042800 ms MarkObjects: 1.387700 ms  DeleteObjects: 0.131900 ms)

========================================================================
Received Prepare
Registering precompiled user dll's ...
Registered in 0.000852 seconds.
Begin MonoManager ReloadAssembly
Native extension for WindowsStandalone target not found
Refreshing native plugins compatible for Editor in 0.28 ms, found 1 plugins.
Preloading 0 native plugins for Editor in 0.00 ms.
Invoked RoslynAnalysisRunner static constructor.
RoslynAnalysisRunner will not be running.
RoslynAnalysisRunner has terminated.
Mono: successfully reloaded assembly
- Completed reload, in  0.670 seconds
Platform modules already initialized, skipping
Refreshing native plugins compatible for Editor in 0.40 ms, found 1 plugins.
Preloading 0 native plugins for Editor in 0.00 ms.
Unloading 1807 Unused Serialized files (Serialized files now loaded: 0)
System memory in use before: 107.2 MB.
System memory in use after: 107.3 MB.

Unloading 11 unused Assets to reduce memory usage. Loaded Objects now: 2388.
Total: 1.684200 ms (FindLiveObjects: 0.177100 ms CreateObjectMapping: 0.055300 ms MarkObjects: 1.358900 ms  DeleteObjects: 0.091100 ms)

========================================================================
Received Prepare
Registering precompiled user dll's ...
Registered in 0.000897 seconds.
Begin MonoManager ReloadAssembly
Native extension for WindowsStandalone target not found
Refreshing native plugins compatible for Editor in 0.28 ms, found 1 plugins.
Preloading 0 native plugins for Editor in 0.00 ms.
Invoked RoslynAnalysisRunner static constructor.
RoslynAnalysisRunner will not be running.
RoslynAnalysisRunner has terminated.
Mono: successfully reloaded assembly
- Completed reload, in  0.663 seconds
Platform modules already initialized, skipping
Refreshing native plugins compatible for Editor in 0.28 ms, found 1 plugins.
Preloading 0 native plugins for Editor in 0.00 ms.
Unloading 1807 Unused Serialized files (Serialized files now loaded: 0)
System memory in use before: 107.2 MB.
System memory in use after: 107.3 MB.

Unloading 11 unused Assets to reduce memory usage. Loaded Objects now: 2392.
Total: 1.817100 ms (FindLiveObjects: 0.271800 ms CreateObjectMapping: 0.044600 ms MarkObjects: 1.396900 ms  DeleteObjects: 0.102300 ms)

========================================================================
Received Prepare
Registering precompiled user dll's ...
Registered in 0.000816 seconds.
Begin MonoManager ReloadAssembly
Native extension for WindowsStandalone target not found
Refreshing native plugins compatible for Editor in 0.31 ms, found 1 plugins.
Preloading 0 native plugins for Editor in 0.00 ms.
Invoked RoslynAnalysisRunner static constructor.
RoslynAnalysisRunner will not be running.
RoslynAnalysisRunner has terminated.
Mono: successfully reloaded assembly
- Completed reload, in  0.684 seconds
Platform modules already initialized, skipping
Refreshing native plugins compatible for Editor in 0.53 ms, found 1 plugins.
Preloading 0 native plugins for Editor in 0.00 ms.
Unloading 1807 Unused Serialized files (Serialized files now loaded: 0)
System memory in use before: 107.3 MB.
System memory in use after: 107.3 MB.

Unloading 11 unused Assets to reduce memory usage. Loaded Objects now: 2396.
Total: 1.546300 ms (FindLiveObjects: 0.171200 ms CreateObjectMapping: 0.035900 ms MarkObjects: 1.245400 ms  DeleteObjects: 0.092800 ms)

========================================================================
Received Prepare
Registering precompiled user dll's ...
Registered in 0.000904 seconds.
Begin MonoManager ReloadAssembly
Native extension for WindowsStandalone target not found
Refreshing native plugins compatible for Editor in 0.33 ms, found 1 plugins.
Preloading 0 native plugins for Editor in 0.00 ms.
Invoked RoslynAnalysisRunner static constructor.
RoslynAnalysisRunner will not be running.
RoslynAnalysisRunner has terminated.
Mono: successfully reloaded assembly
- Completed reload, in  0.678 seconds
Platform modules already initialized, skipping
Refreshing native plugins compatible for Editor in 0.34 ms, found 1 plugins.
Preloading 0 native plugins for Editor in 0.00 ms.
Unloading 1807 Unused Serialized files (Serialized files now loaded: 0)
System memory in use before: 107.3 MB.
System memory in use after: 107.3 MB.

Unloading 11 unused Assets to reduce memory usage. Loaded Objects now: 2400.
Total: 3.631000 ms (FindLiveObjects: 0.480500 ms CreateObjectMapping: 0.165600 ms MarkObjects: 2.812200 ms  DeleteObjects: 0.170100 ms)

========================================================================
Received Import Request.
  Time since last request: 673.752929 seconds.
  path: Assets/Art/Animations/Robot.controller
  artifactKey: Guid(4ffbd739f5ee8464fab00ebd98be335a) Importer(815301076,1909f56bfc062723c751e8b465ee728b)
Start importing Assets/Art/Animations/Robot.controller using Guid(4ffbd739f5ee8464fab00ebd98be335a) Importer(815301076,1909f56bfc062723c751e8b465ee728b)  -> (artifact id: 'ffc942c8635592a363bb6fb29e79114a') in 0.020413 seconds
  Import took 0.024135 seconds .

========================================================================
Received Prepare
Registering precompiled user dll's ...
Registered in 0.000812 seconds.
Begin MonoManager ReloadAssembly
Native extension for WindowsStandalone target not found
Refreshing native plugins compatible for Editor in 0.28 ms, found 1 plugins.
Preloading 0 native plugins for Editor in 0.00 ms.
Invoked RoslynAnalysisRunner static constructor.
RoslynAnalysisRunner will not be running.
RoslynAnalysisRunner has terminated.
Mono: successfully reloaded assembly
- Completed reload, in  0.682 seconds
Platform modules already initialized, skipping
Refreshing native plugins compatible for Editor in 0.30 ms, found 1 plugins.
Preloading 0 native plugins for Editor in 0.00 ms.
Unloading 1807 Unused Serialized files (Serialized files now loaded: 0)
System memory in use before: 107.3 MB.
System memory in use after: 107.3 MB.

Unloading 11 unused Assets to reduce memory usage. Loaded Objects now: 2404.
Total: 1.688100 ms (FindLiveObjects: 0.210900 ms CreateObjectMapping: 0.037900 ms MarkObjects: 1.326000 ms  DeleteObjects: 0.112300 ms)

========================================================================
Received Prepare
Registering precompiled user dll's ...
Registered in 0.001166 seconds.
Begin MonoManager ReloadAssembly
Native extension for WindowsStandalone target not found
Refreshing native plugins compatible for Editor in 0.28 ms, found 1 plugins.
Preloading 0 native plugins for Editor in 0.00 ms.
Invoked RoslynAnalysisRunner static constructor.
RoslynAnalysisRunner will not be running.
RoslynAnalysisRunner has terminated.
Mono: successfully reloaded assembly
- Completed reload, in  0.638 seconds
Platform modules already initialized, skipping
Refreshing native plugins compatible for Editor in 0.32 ms, found 1 plugins.
Preloading 0 native plugins for Editor in 0.00 ms.
Unloading 1807 Unused Serialized files (Serialized files now loaded: 0)
System memory in use before: 107.3 MB.
System memory in use after: 107.3 MB.

Unloading 11 unused Assets to reduce memory usage. Loaded Objects now: 2408.
Total: 2.730900 ms (FindLiveObjects: 0.404800 ms CreateObjectMapping: 0.108500 ms MarkObjects: 2.098600 ms  DeleteObjects: 0.117400 ms)

========================================================================
Received Prepare
Registering precompiled user dll's ...
Registered in 0.000780 seconds.
Begin MonoManager ReloadAssembly
Native extension for WindowsStandalone target not found
Refreshing native plugins compatible for Editor in 0.28 ms, found 1 plugins.
Preloading 0 native plugins for Editor in 0.00 ms.
Invoked RoslynAnalysisRunner static constructor.
RoslynAnalysisRunner will not be running.
RoslynAnalysisRunner has terminated.
Mono: successfully reloaded assembly
- Completed reload, in  0.687 seconds
Platform modules already initialized, skipping
Refreshing native plugins compatible for Editor in 0.31 ms, found 1 plugins.
Preloading 0 native plugins for Editor in 0.00 ms.
Unloading 1807 Unused Serialized files (Serialized files now loaded: 0)
System memory in use before: 107.3 MB.
System memory in use after: 107.3 MB.

Unloading 11 unused Assets to reduce memory usage. Loaded Objects now: 2412.
Total: 2.236100 ms (FindLiveObjects: 0.225300 ms CreateObjectMapping: 0.080700 ms MarkObjects: 1.835900 ms  DeleteObjects: 0.092600 ms)

========================================================================
Received Prepare
Registering precompiled user dll's ...
Registered in 0.000874 seconds.
Begin MonoManager ReloadAssembly
Native extension for WindowsStandalone target not found
Refreshing native plugins compatible for Editor in 0.33 ms, found 1 plugins.
Preloading 0 native plugins for Editor in 0.00 ms.
Invoked RoslynAnalysisRunner static constructor.
RoslynAnalysisRunner will not be running.
RoslynAnalysisRunner has terminated.
Mono: successfully reloaded assembly
- Completed reload, in  0.712 seconds
Platform modules already initialized, skipping
Refreshing native plugins compatible for Editor in 0.30 ms, found 1 plugins.
Preloading 0 native plugins for Editor in 0.00 ms.
Unloading 1807 Unused Serialized files (Serialized files now loaded: 0)
System memory in use before: 107.3 MB.
System memory in use after: 107.3 MB.

Unloading 11 unused Assets to reduce memory usage. Loaded Objects now: 2416.
Total: 4.922400 ms (FindLiveObjects: 0.524500 ms CreateObjectMapping: 0.099300 ms MarkObjects: 4.008500 ms  DeleteObjects: 0.284800 ms)

========================================================================
Received Prepare
Registering precompiled user dll's ...
Registered in 0.000910 seconds.
Begin MonoManager ReloadAssembly
Native extension for WindowsStandalone target not found
Refreshing native plugins compatible for Editor in 0.28 ms, found 1 plugins.
Preloading 0 native plugins for Editor in 0.00 ms.
Invoked RoslynAnalysisRunner static constructor.
RoslynAnalysisRunner will not be running.
RoslynAnalysisRunner has terminated.
Mono: successfully reloaded assembly
- Completed reload, in  0.676 seconds
Platform modules already initialized, skipping
Refreshing native plugins compatible for Editor in 0.31 ms, found 1 plugins.
Preloading 0 native plugins for Editor in 0.00 ms.
Unloading 1807 Unused Serialized files (Serialized files now loaded: 0)
System memory in use before: 107.3 MB.
System memory in use after: 107.3 MB.

Unloading 11 unused Assets to reduce memory usage. Loaded Objects now: 2420.
Total: 2.184000 ms (FindLiveObjects: 0.128000 ms CreateObjectMapping: 0.026200 ms MarkObjects: 1.939100 ms  DeleteObjects: 0.089700 ms)

========================================================================
Received Prepare
Registering precompiled user dll's ...
Registered in 0.000851 seconds.
Begin MonoManager ReloadAssembly
Native extension for WindowsStandalone target not found
Refreshing native plugins compatible for Editor in 0.53 ms, found 1 plugins.
Preloading 0 native plugins for Editor in 0.00 ms.
Invoked RoslynAnalysisRunner static constructor.
RoslynAnalysisRunner will not be running.
RoslynAnalysisRunner has terminated.
Mono: successfully reloaded assembly
- Completed reload, in  0.671 seconds
Platform modules already initialized, skipping
Refreshing native plugins compatible for Editor in 0.30 ms, found 1 plugins.
Preloading 0 native plugins for Editor in 0.00 ms.
Unloading 1807 Unused Serialized files (Serialized files now loaded: 0)
System memory in use before: 107.3 MB.
System memory in use after: 107.3 MB.

Unloading 11 unused Assets to reduce memory usage. Loaded Objects now: 2424.
Total: 1.723700 ms (FindLiveObjects: 0.186500 ms CreateObjectMapping: 0.040400 ms MarkObjects: 1.391000 ms  DeleteObjects: 0.104300 ms)

AssetImportWorkerClient::OnTransportError - code=2 error=End of file
